0 info it worked if it ends with ok
1 verbose cli [ '/home/ubuntu/.nvm/versions/node/v6.11.2/bin/node',
1 verbose cli   '/home/ubuntu/.nvm/versions/node/v6.11.2/bin/npm',
1 verbose cli   'run',
1 verbose cli   'build' ]
2 info using npm@3.10.10
3 info using node@v6.11.2
4 verbose run-script [ 'prebuild', 'build', 'postbuild' ]
5 info lifecycle workspace@1.0.0~prebuild: workspace@1.0.0
6 verbose lifecycle workspace@1.0.0~prebuild: unsafe-perm in lifecycle true
7 verbose lifecycle workspace@1.0.0~prebuild: PATH: /home/ubuntu/.nvm/versions/node/v6.11.2/lib/node_modules/npm/bin/node-gyp-bin:/home/ubuntu/workspace/node_modules/.bin:/home/ubuntu/.nvm/versions/node/v6.11.2/bin:/usr/local/rvm/gems/ruby-2.4.0/bin:/usr/local/rvm/gems/ruby-2.4.0@global/bin:/usr/local/rvm/rubies/ruby-2.4.0/bin:/mnt/shared/bin:/home/ubuntu/workspace/node_modules/.bin:/home/ubuntu/bin:/usr/local/sbin:/usr/local/bin:/usr/sbin:/usr/bin:/sbin:/bin:/mnt/shared/sbin:/opt/gitl:/opt/go/bin:/mnt/shared/c9/app.nw/bin:/usr/local/rvm/bin
8 verbose lifecycle workspace@1.0.0~prebuild: CWD: /home/ubuntu/workspace
9 silly lifecycle workspace@1.0.0~prebuild: Args: [ '-c', 'rm -rf dist' ]
10 silly lifecycle workspace@1.0.0~prebuild: Returned: code: 0  signal: null
11 info lifecycle workspace@1.0.0~build: workspace@1.0.0
12 verbose lifecycle workspace@1.0.0~build: unsafe-perm in lifecycle true
13 verbose lifecycle workspace@1.0.0~build: PATH: /home/ubuntu/.nvm/versions/node/v6.11.2/lib/node_modules/npm/bin/node-gyp-bin:/home/ubuntu/workspace/node_modules/.bin:/home/ubuntu/.nvm/versions/node/v6.11.2/bin:/usr/local/rvm/gems/ruby-2.4.0/bin:/usr/local/rvm/gems/ruby-2.4.0@global/bin:/usr/local/rvm/rubies/ruby-2.4.0/bin:/mnt/shared/bin:/home/ubuntu/workspace/node_modules/.bin:/home/ubuntu/bin:/usr/local/sbin:/usr/local/bin:/usr/sbin:/usr/bin:/sbin:/bin:/mnt/shared/sbin:/opt/gitl:/opt/go/bin:/mnt/shared/c9/app.nw/bin:/usr/local/rvm/bin
14 verbose lifecycle workspace@1.0.0~build: CWD: /home/ubuntu/workspace
15 silly lifecycle workspace@1.0.0~build: Args: [ '-c', 'webpack -d' ]
16 silly lifecycle workspace@1.0.0~build: Returned: code: 0  signal: null
17 info lifecycle workspace@1.0.0~postbuild: workspace@1.0.0
18 verbose lifecycle workspace@1.0.0~postbuild: unsafe-perm in lifecycle true
19 verbose lifecycle workspace@1.0.0~postbuild: PATH: /home/ubuntu/.nvm/versions/node/v6.11.2/lib/node_modules/npm/bin/node-gyp-bin:/home/ubuntu/workspace/node_modules/.bin:/home/ubuntu/.nvm/versions/node/v6.11.2/bin:/usr/local/rvm/gems/ruby-2.4.0/bin:/usr/local/rvm/gems/ruby-2.4.0@global/bin:/usr/local/rvm/rubies/ruby-2.4.0/bin:/mnt/shared/bin:/home/ubuntu/workspace/node_modules/.bin:/home/ubuntu/bin:/usr/local/sbin:/usr/local/bin:/usr/sbin:/usr/bin:/sbin:/bin:/mnt/shared/sbin:/opt/gitl:/opt/go/bin:/mnt/shared/c9/app.nw/bin:/usr/local/rvm/bin
20 verbose lifecycle workspace@1.0.0~postbuild: CWD: /home/ubuntu/workspace
21 silly lifecycle workspace@1.0.0~postbuild: Args: [ '-c', 'cp -f src/assets dist' ]
22 silly lifecycle workspace@1.0.0~postbuild: Returned: code: 1  signal: null
23 info lifecycle workspace@1.0.0~postbuild: Failed to exec postbuild script
24 verbose stack Error: workspace@1.0.0 postbuild: `cp -f src/assets dist`
24 verbose stack Exit status 1
24 verbose stack     at EventEmitter.<anonymous> (/home/ubuntu/.nvm/versions/node/v6.11.2/lib/node_modules/npm/lib/utils/lifecycle.js:255:16)
24 verbose stack     at emitTwo (events.js:106:13)
24 verbose stack     at EventEmitter.emit (events.js:191:7)
24 verbose stack     at ChildProcess.<anonymous> (/home/ubuntu/.nvm/versions/node/v6.11.2/lib/node_modules/npm/lib/utils/spawn.js:40:14)
24 verbose stack     at emitTwo (events.js:106:13)
24 verbose stack     at ChildProcess.emit (events.js:191:7)
24 verbose stack     at maybeClose (internal/child_process.js:891:16)
24 verbose stack     at Process.ChildProcess._handle.onexit (internal/child_process.js:226:5)
25 verbose pkgid workspace@1.0.0
26 verbose cwd /home/ubuntu/workspace/src/assets
27 error Linux 4.9.17-c9
28 error argv "/home/ubuntu/.nvm/versions/node/v6.11.2/bin/node" "/home/ubuntu/.nvm/versions/node/v6.11.2/bin/npm" "run" "build"
29 error node v6.11.2
30 error npm  v3.10.10
31 error code ELIFECYCLE
32 error workspace@1.0.0 postbuild: `cp -f src/assets dist`
32 error Exit status 1
33 error Failed at the workspace@1.0.0 postbuild script 'cp -f src/assets dist'.
33 error Make sure you have the latest version of node.js and npm installed.
33 error If you do, this is most likely a problem with the workspace package,
33 error not with npm itself.
33 error Tell the author that this fails on your system:
33 error     cp -f src/assets dist
33 error You can get information on how to open an issue for this project with:
33 error     npm bugs workspace
33 error Or if that isn't available, you can get their info via:
33 error     npm owner ls workspace
33 error There is likely additional logging output above.
34 verbose exit [ 1, true ]
